#
# A fatal error has been detected by the Java Runtime Environment:
#
#  EXCEPTION_ACCESS_VIOLATION (0xc0000005) at pc=0x00007ffb2c9bfd9a, pid=16428, tid=23468
#
# JRE version: Java(TM) SE Runtime Environment (8.0_60-b27) (build 1.8.0_60-b27)
# Java VM: Java HotSpot(TM) 64-Bit Server VM (25.60-b23 mixed mode windows-amd64 compressed oops)
# Problematic frame:
# C  [KERNELBASE.dll+0x4fd9a]
#
# Failed to write core dump. Minidumps are not enabled by default on client versions of Windows
#
# If you would like to submit a bug report, please visit:
#   http://bugreport.java.com/bugreport/crash.jsp
# The crash happened outside the Java Virtual Machine in native code.
# See problematic frame for where to report the bug.
#

---------------  T H R E A D  ---------------

Current thread (0x0000000001e4e000):  JavaThread "main" [_thread_in_native, id=23468, stack(0x0000000001e50000,0x0000000001f50000)]

siginfo: ExceptionCode=0xc0000005, writing address 0x0000000000000000

Registers:
RAX=0x00000000000007e0, RBX=0x0000000000000000, RCX=0x00000000048a0255, RDX=0x0000000000a28190
RSP=0x0000000001f4ec60, RBP=0x0000000001f4ecd0, RSI=0x0000000020005aa6, RDI=0x0000000001f4ed98
R8 =0x00000000000004f5, R9 =0x000000000001299a, R10=0x0000000000000013, R11=0x0000000000000001
R12=0x0000000000000000, R13=0x000000001660ae48, R14=0x0000000001f4f438, R15=0x0000000001e4e000
RIP=0x00007ffb2c9bfd9a, EFLAGS=0x0000000000010206

Top of Stack: (sp=0x0000000001f4ec60)
0x0000000001f4ec60:   0000000000000000 0000000001f4ed98
0x0000000001f4ec70:   cccccccccccccccc cccccccccccccccc
0x0000000001f4ec80:   01d152fdb9aff235 00150013000107e0
0x0000000001f4ec90:   00020255002e0009 00005cfc6cef86b5
0x0000000001f4eca0:   000000001660ae48 0000000180016df3
0x0000000001f4ecb0:   0000000000000000 0000000000000000
0x0000000001f4ecc0:   0000000000000000 0000000000000000
0x0000000001f4ecd0:   0000000001f4ecb0 0000000000000000
0x0000000001f4ece0:   0000000001f4ed20 000000018000f84a
0x0000000001f4ecf0:   000000018000f160 0000000001f4ed28
0x0000000001f4ed00:   0000000000000020 000000000000000c
0x0000000001f4ed10:   0000000001f4f360 00007ffb2d6fa940
0x0000000001f4ed20:   cccccccccccccccc 0000000001f4ede0
0x0000000001f4ed30:   0000000001f4f360 0000000001f4ede0
0x0000000001f4ed40:   cccccccccccccccc cccccccccccccccc
0x0000000001f4ed50:   cccccccccccccccc 0000000000000000 

Instructions: (pc=0x00007ffb2c9bfd9a)
0x00007ffb2c9bfd7a:   54 24 28 b8 14 00 fe 7f 48 8d 4c 24 20 48 8b 00
0x00007ffb2c9bfd8a:   48 89 44 24 20 ff 15 2b b3 07 00 0f b7 44 24 28
0x00007ffb2c9bfd9a:   66 89 03 0f b7 44 24 2a 66 89 43 02 0f b7 44 24
0x00007ffb2c9bfdaa:   36 66 89 43 04 0f b7 44 24 2c 66 89 43 06 0f b7 


Register to memory mapping:

RAX=0x00000000000007e0 is an unknown value
RBX=0x0000000000000000 is an unknown value
RCX=0x00000000048a0255 is an unknown value
RDX=0x0000000000a28190 is an unknown value
RSP=0x0000000001f4ec60 is pointing into the stack for thread: 0x0000000001e4e000
RBP=0x0000000001f4ecd0 is pointing into the stack for thread: 0x0000000001e4e000
RSI=0x0000000020005aa6 is an unknown value
RDI=0x0000000001f4ed98 is pointing into the stack for thread: 0x0000000001e4e000
R8 =0x00000000000004f5 is an unknown value
R9 =0x000000000001299a is an unknown value
R10=0x0000000000000013 is an unknown value
R11=0x0000000000000001 is an unknown value
R12=0x0000000000000000 is an unknown value
R13={method} {0x000000001660ae50} 'invokePointer' '(JI[Ljava/lang/Object;)J' in 'com/sun/jna/Native'
R14=0x0000000001f4f438 is pointing into the stack for thread: 0x0000000001e4e000
R15=0x0000000001e4e000 is a thread


Stack: [0x0000000001e50000,0x0000000001f50000],  sp=0x0000000001f4ec60,  free space=1019k
Native frames: (J=compiled Java code, j=interpreted, Vv=VM code, C=native code)
C  [KERNELBASE.dll+0x4fd9a]
C  [jna371934264231807510.dll+0x16df3]
C  [jna371934264231807510.dll+0xf84a]
C  [jna371934264231807510.dll+0x3c50]
C  [jna371934264231807510.dll+0x2d17]
C  0x000000000206dfcc

Java frames: (J=compiled Java code, j=interpreted, Vv=VM code)
j  com.sun.jna.Native.invokePointer(JI[Ljava/lang/Object;)J+0
j  com.sun.jna.Function.invokePointer(I[Ljava/lang/Object;)Lcom/sun/jna/Pointer;+6
j  com.sun.jna.Function.invoke([Ljava/lang/Object;Ljava/lang/Class;Z)Ljava/lang/Object;+738
j  com.sun.jna.Function.invoke(Ljava/lang/Class;[Ljava/lang/Object;Ljava/util/Map;)Ljava/lang/Object;+214
j  com.sun.jna.Library$Handler.invoke(Ljava/lang/Object;Ljava/lang/reflect/Method;[Ljava/lang/Object;)Ljava/lang/Object;+341
j  com.sun.proxy.$Proxy0.GetSystemTime()Lcom/sun/jna/platform/win32/WinBase$SYSTEMTIME;+9
j  jsf32_week17_jna.JSF32_Week17_JNA.main([Ljava/lang/String;)V+12
v  ~StubRoutines::call_stub

---------------  P R O C E S S  ---------------

Java Threads: ( => current thread )
  0x0000000016bfe800 JavaThread "Service Thread" daemon [_thread_blocked, id=11848, stack(0x0000000018bf0000,0x0000000018cf0000)]
  0x0000000018618800 JavaThread "C1 CompilerThread2" daemon [_thread_blocked, id=9536, stack(0x0000000018af0000,0x0000000018bf0000)]
  0x0000000016bd4000 JavaThread "C2 CompilerThread1" daemon [_thread_blocked, id=10652, stack(0x00000000189f0000,0x0000000018af0000)]
  0x0000000016bc9800 JavaThread "C2 CompilerThread0" daemon [_thread_blocked, id=21584, stack(0x00000000184f0000,0x00000000185f0000)]
  0x0000000016bb9000 JavaThread "JDWP Command Reader" daemon [_thread_in_native, id=7552, stack(0x00000000183f0000,0x00000000184f0000)]
  0x0000000016bb2000 JavaThread "JDWP Event Helper Thread" daemon [_thread_blocked, id=2316, stack(0x00000000182f0000,0x00000000183f0000)]
  0x0000000016ba5000 JavaThread "JDWP Transport Listener: dt_shmem" daemon [_thread_blocked, id=10984, stack(0x00000000181f0000,0x00000000182f0000)]
  0x0000000016b9d800 JavaThread "Attach Listener" daemon [_thread_blocked, id=22092, stack(0x00000000180f0000,0x00000000181f0000)]
  0x0000000016b9c800 JavaThread "Signal Dispatcher" daemon [_thread_blocked, id=22160, stack(0x0000000017ff0000,0x00000000180f0000)]
  0x0000000002047800 JavaThread "Finalizer" daemon [_thread_blocked, id=12508, stack(0x0000000017df0000,0x0000000017ef0000)]
  0x000000000203e800 JavaThread "Reference Handler" daemon [_thread_blocked, id=12572, stack(0x0000000017cf0000,0x0000000017df0000)]
=>0x0000000001e4e000 JavaThread "main" [_thread_in_native, id=23468, stack(0x0000000001e50000,0x0000000001f50000)]

Other Threads:
  0x0000000016b68800 VMThread [stack: 0x0000000017bf0000,0x0000000017cf0000] [id=3700]
  0x0000000018640000 WatcherThread [stack: 0x0000000018cf0000,0x0000000018df0000] [id=4188]

VM state:not at safepoint (normal execution)

VM Mutex/Monitor currently owned by a thread: None

Heap:
 PSYoungGen      total 38400K, used 6662K [0x00000000d5d80000, 0x00000000d8800000, 0x0000000100000000)
  eden space 33280K, 20% used [0x00000000d5d80000,0x00000000d64019a0,0x00000000d7e00000)
  from space 5120K, 0% used [0x00000000d8300000,0x00000000d8300000,0x00000000d8800000)
  to   space 5120K, 0% used [0x00000000d7e00000,0x00000000d7e00000,0x00000000d8300000)
 ParOldGen       total 87552K, used 0K [0x0000000081800000, 0x0000000086d80000, 0x00000000d5d80000)
  object space 87552K, 0% used [0x0000000081800000,0x0000000081800000,0x0000000086d80000)
 Metaspace       used 5511K, capacity 5674K, committed 5888K, reserved 1056768K
  class space    used 617K, capacity 663K, committed 768K, reserved 1048576K

Card table byte_map: [0x0000000011410000,0x0000000011810000] byte_map_base: 0x0000000011004000

Marking Bits: (ParMarkBitMap*) 0x000000005fd2a5b0
 Begin Bits: [0x0000000011ec0000, 0x0000000013e60000)
 End Bits:   [0x0000000013e60000, 0x0000000015e00000)

Polling page: 0x0000000000580000

CodeCache: size=245760Kb used=1164Kb max_used=1164Kb free=244596Kb
 bounds [0x0000000002050000, 0x00000000022c0000, 0x0000000011050000]
 total_blobs=381 nmethods=73 adapters=230
 compilation: enabled

Compilation events (10 events):
Event: 0.458 Thread 0x0000000018618800 nmethod 20 0x0000000002161850 code [0x00000000021619c0, 0x0000000002161be8]
Event: 0.458 Thread 0x0000000018618800   26       3       java.lang.AbstractStringBuilder::append (50 bytes)
Event: 0.459 Thread 0x0000000018618800 nmethod 26 0x0000000002161c90 code [0x0000000002161e20, 0x0000000002162328]
Event: 0.459 Thread 0x0000000016bd4000 nmethod 25 0x0000000002165210 code [0x0000000002165360, 0x0000000002165458]
Event: 0.466 Thread 0x0000000018618800   27       3       java.lang.System::getSecurityManager (4 bytes)
Event: 0.466 Thread 0x0000000018618800 nmethod 27 0x0000000002164f10 code [0x0000000002165060, 0x0000000002165190]
Event: 0.470 Thread 0x0000000018618800   28       3       java.lang.StringBuilder::append (8 bytes)
Event: 0.470 Thread 0x0000000018618800 nmethod 28 0x0000000002164350 code [0x00000000021644c0, 0x0000000002164668]
Event: 0.473 Thread 0x0000000018618800   29       3       java.lang.String::equals (81 bytes)
Event: 0.473 Thread 0x0000000018618800 nmethod 29 0x0000000002163690 code [0x0000000002163820, 0x0000000002163d70]

GC Heap History (0 events):
No events

Deoptimization events (0 events):
No events

Internal exceptions (9 events):
Event: 0.053 Thread 0x0000000001e4e000 Exception <a 'java/lang/NoSuchMethodError': Method sun.misc.Unsafe.defineClass(Ljava/lang/String;[BII)Ljava/lang/Class; name or signature does not match> (0x00000000d5d8d948) thrown at [C:\re\workspace\8-2-build-windows-amd64-cygwin\jdk8u60\4407\hotspot\sr]&·_õª?
Event: 0.053 Thread 0x0000000001e4e000 Exception <a 'java/lang/NoSuchMethodError': Method sun.misc.Unsafe.prefetchRead(Ljava/lang/Object;J)V name or signature does not match> (0x00000000d5d8dc30) thrown at [C:\re\workspace\8-2-build-windows-amd64-cygwin\jdk8u60\4407\hotspot\src\share\vm\prims\jŠËˆPHÊ0@
Event: 16.790 Thread 0x0000000001e4e000 Exception <a 'java/security/PrivilegedActionException'> (0x00000000d6043a48) thrown at [C:\re\workspace\8-2-build-windows-amd64-cygwin\jdk8u60\4407\hotspot\src\share\vm\prims\jvm.cpp, line 1386]
Event: 16.790 Thread 0x0000000001e4e000 Exception <a 'java/security/PrivilegedActionException'> (0x00000000d6043c58) thrown at [C:\re\workspace\8-2-build-windows-amd64-cygwin\jdk8u60\4407\hotspot\src\share\vm\prims\jvm.cpp, line 1386]
Event: 16.805 Thread 0x0000000001e4e000 Exception <a 'java/security/PrivilegedActionException'> (0x00000000d6047c88) thrown at [C:\re\workspace\8-2-build-windows-amd64-cygwin\jdk8u60\4407\hotspot\src\share\vm\prims\jvm.cpp, line 1386]
Event: 16.805 Thread 0x0000000001e4e000 Exception <a 'java/security/PrivilegedActionException'> (0x00000000d6047e98) thrown at [C:\re\workspace\8-2-build-windows-amd64-cygwin\jdk8u60\4407\hotspot\src\share\vm\prims\jvm.cpp, line 1386]
Event: 16.836 Thread 0x0000000001e4e000 Exception <a 'java/io/FileNotFoundException'> (0x00000000d604f618) thrown at [C:\re\workspace\8-2-build-windows-amd64-cygwin\jdk8u60\4407\hotspot\src\share\vm\prims\jni.cpp, line 709]
Event: 17.313 Thread 0x0000000001e4e000 Exception <a 'java/lang/NoSuchFieldError': method resolution failed> (0x00000000d611d1a8) thrown at [C:\re\workspace\8-2-build-windows-amd64-cygwin\jdk8u60\4407\hotspot\src\share\vm\prims\methodHandles.cpp, line 1146]
Event: 17.350 Thread 0x0000000001e4e000 Exception <a 'java/lang/NoSuchFieldError': method resolution failed> (0x00000000d612a760) thrown at [C:\re\workspace\8-2-build-windows-amd64-cygwin\jdk8u60\4407\hotspot\src\share\vm\prims\methodHandles.cpp, line 1146]

Events (10 events):
Event: 22.485 Executing VM operation: ChangeSingleStep
Event: 22.485 Executing VM operation: ChangeSingleStep done
Event: 22.486 Executing VM operation: ChangeSingleStep
Event: 22.486 Executing VM operation: ChangeSingleStep done
Event: 22.487 loading class com/sun/jna/Library$Handler$FunctionInfo
Event: 22.487 loading class com/sun/jna/Library$Handler$FunctionInfo done
Event: 22.488 loading class java/lang/reflect/TypeVariable
Event: 22.488 loading class java/lang/reflect/TypeVariable done
Event: 22.488 loading class java/lang/reflect/AnnotatedType
Event: 22.488 loading class java/lang/reflect/AnnotatedType done


Dynamic libraries:
0x00007ff6a02e0000 - 0x00007ff6a0317000 	C:\Program Files\Java\jdk1.8.0_60\bin\java.exe
0x00007ffb2fab0000 - 0x00007ffb2fc71000 	C:\WINDOWS\SYSTEM32\ntdll.dll
0x00007ffb2d6e0000 - 0x00007ffb2d78d000 	C:\WINDOWS\system32\KERNEL32.DLL
0x00007ffb2c970000 - 0x00007ffb2cb4d000 	C:\WINDOWS\system32\KERNELBASE.dll
0x00000000601a0000 - 0x0000000060246000 	C:\Program Files\Bitdefender\Bitdefender 2016\Active Virus Control\Avc3_00332_014\avcuf64.dll
0x00007ffb2f4c0000 - 0x00007ffb2f566000 	C:\WINDOWS\system32\ADVAPI32.dll
0x00007ffb2d5d0000 - 0x00007ffb2d66d000 	C:\WINDOWS\system32\msvcrt.dll
0x00007ffb2f6a0000 - 0x00007ffb2f6fb000 	C:\WINDOWS\system32\sechost.dll
0x00007ffb2f570000 - 0x00007ffb2f696000 	C:\WINDOWS\system32\RPCRT4.dll
0x00007ffb2d330000 - 0x00007ffb2d47e000 	C:\WINDOWS\system32\USER32.dll
0x00007ffb2f710000 - 0x00007ffb2f896000 	C:\WINDOWS\system32\GDI32.dll
0x00007ffb21cf0000 - 0x00007ffb21f64000 	C:\WINDOWS\WinSxS\amd64_microsoft.windows.common-controls_6595b64144ccf1df_6.0.10240.16384_none_f41f7b285750ef43\COMCTL32.dll
0x00007ffb2d590000 - 0x00007ffb2d5c6000 	C:\WINDOWS\system32\IMM32.DLL
0x00007ffb2de10000 - 0x00007ffb2df6c000 	C:\WINDOWS\system32\MSCTF.dll
0x000000005f440000 - 0x000000005f512000 	C:\Program Files\Java\jdk1.8.0_60\jre\bin\msvcr100.dll
0x000000005f520000 - 0x000000005fda9000 	C:\Program Files\Java\jdk1.8.0_60\jre\bin\server\jvm.dll
0x00007ffb2f4b0000 - 0x00007ffb2f4b8000 	C:\WINDOWS\system32\PSAPI.DLL
0x00007ffb1c6e0000 - 0x00007ffb1c6e9000 	C:\WINDOWS\SYSTEM32\WSOCK32.dll
0x00007ffb2dda0000 - 0x00007ffb2de09000 	C:\WINDOWS\system32\WS2_32.dll
0x00007ffb2f4a0000 - 0x00007ffb2f4a8000 	C:\WINDOWS\system32\NSI.dll
0x00007ffb2a670000 - 0x00007ffb2a693000 	C:\WINDOWS\SYSTEM32\WINMM.dll
0x00007ffb2b2f0000 - 0x00007ffb2b2fa000 	C:\WINDOWS\SYSTEM32\VERSION.dll
0x00007ffb2a610000 - 0x00007ffb2a63c000 	C:\WINDOWS\SYSTEM32\WINMMBASE.dll
0x00007ffb2c750000 - 0x00007ffb2c794000 	C:\WINDOWS\system32\cfgmgr32.dll
0x00007ffb2c220000 - 0x00007ffb2c247000 	C:\WINDOWS\SYSTEM32\DEVOBJ.dll
0x000000005f3f0000 - 0x000000005f3ff000 	C:\Program Files\Java\jdk1.8.0_60\jre\bin\verify.dll
0x000000005f3c0000 - 0x000000005f3e9000 	C:\Program Files\Java\jdk1.8.0_60\jre\bin\java.dll
0x000000005f050000 - 0x000000005f085000 	C:\Program Files\Java\jdk1.8.0_60\jre\bin\jdwp.dll
0x000000005f040000 - 0x000000005f048000 	C:\Program Files\Java\jdk1.8.0_60\jre\bin\npt.dll
0x000000005f3a0000 - 0x000000005f3b6000 	C:\Program Files\Java\jdk1.8.0_60\jre\bin\zip.dll
0x00007ffb2df70000 - 0x00007ffb2f492000 	C:\WINDOWS\system32\SHELL32.dll
0x00007ffb2cb50000 - 0x00007ffb2d178000 	C:\WINDOWS\system32\windows.storage.dll
0x00007ffb2da60000 - 0x00007ffb2dcdc000 	C:\WINDOWS\system32\combase.dll
0x00007ffb2d480000 - 0x00007ffb2d4d1000 	C:\WINDOWS\system32\shlwapi.dll
0x00007ffb2c570000 - 0x00007ffb2c57f000 	C:\WINDOWS\system32\kernel.appcore.dll
0x00007ffb2c7a0000 - 0x00007ffb2c853000 	C:\WINDOWS\system32\shcore.dll
0x00007ffb2c500000 - 0x00007ffb2c54a000 	C:\WINDOWS\system32\powrprof.dll
0x00007ffb2c4e0000 - 0x00007ffb2c4f3000 	C:\WINDOWS\system32\profapi.dll
0x000000005f090000 - 0x000000005f09b000 	C:\Program Files\Java\jdk1.8.0_60\jre\bin\dt_shmem.dll
0x000000005f1c0000 - 0x000000005f358000 	C:\Program Files\Java\jdk1.8.0_60\jre\bin\awt.dll
0x00007ffb2dce0000 - 0x00007ffb2dd9e000 	C:\WINDOWS\system32\OLEAUT32.dll
0x00007ffb2a800000 - 0x00007ffb2a878000 	C:\WINDOWS\system32\apphelp.dll
0x00007ffb2bb00000 - 0x00007ffb2bb17000 	C:\WINDOWS\SYSTEM32\CRYPTSP.dll
0x00007ffb2c410000 - 0x00007ffb2c438000 	C:\WINDOWS\SYSTEM32\bcrypt.dll
0x00007ffb2b750000 - 0x00007ffb2b783000 	C:\WINDOWS\system32\rsaenh.dll
0x00007ffb2b880000 - 0x00007ffb2b89f000 	C:\WINDOWS\SYSTEM32\USERENV.dll
0x00007ffb2c290000 - 0x00007ffb2c2fb000 	C:\WINDOWS\system32\bcryptprimitives.dll
0x00007ffb2bd00000 - 0x00007ffb2bd0b000 	C:\WINDOWS\SYSTEM32\CRYPTBASE.dll
0x000000005f380000 - 0x000000005f39a000 	C:\Program Files\Java\jdk1.8.0_60\jre\bin\net.dll
0x00007ffb2baa0000 - 0x00007ffb2bafd000 	C:\WINDOWS\system32\mswsock.dll
0x00007ffb29680000 - 0x00007ffb296b8000 	C:\WINDOWS\SYSTEM32\IPHLPAPI.DLL
0x00007ffb29580000 - 0x00007ffb2958b000 	C:\WINDOWS\SYSTEM32\WINNSI.DLL
0x00007ffb28bf0000 - 0x00007ffb28c06000 	C:\WINDOWS\SYSTEM32\dhcpcsvc6.DLL
0x00007ffb28b70000 - 0x00007ffb28b8a000 	C:\WINDOWS\SYSTEM32\dhcpcsvc.DLL
0x000000005f360000 - 0x000000005f371000 	C:\Program Files\Java\jdk1.8.0_60\jre\bin\nio.dll
0x0000000180000000 - 0x0000000180038000 	C:\Users\milton\AppData\Local\Temp\jna\jna371934264231807510.dll
0x00007ffb2bd40000 - 0x00007ffb2beca000 	C:\WINDOWS\SYSTEM32\dbghelp.dll

VM Arguments:
jvm_args: -Xdebug -Xrunjdwp:transport=dt_shmem,address=javadebug -Dfile.encoding=UTF-8 
java_command: jsf32_week17_jna.JSF32_Week17_JNA
java_class_path (initial): C:\Users\milton\Downloads\JSF32_w17_jna3.4.0\jna3.4.0\jna.jar;C:\Users\milton\Downloads\JSF32_w17_jna3.4.0\jna3.4.0\platform.jar;C:\Users\milton\Documents\GitHub\GSO32\JSF32_Week17_JNA\build\classes
Launcher Type: SUN_STANDARD

Environment Variables:
JAVA_HOME=C:\Program Files\Java\jdk1.8.0_60\bin
PATH=C:\oraclexe\app\oracle\product\11.2.0\server\bin;C:\ProgramData\Oracle\Java\javapath;c:\Program Files (x86)\Intel\iCLS Client\;c:\Program Files\Intel\iCLS Client\;C:\WINDOWS\system32;C:\WINDOWS;C:\WINDOWS\System32\Wbem;C:\WINDOWS\System32\WindowsPowerShell\v1.0\;C:\WINDOWS\system32\config\systemprofile\.dnx\bin;C:\Program Files\Microsoft DNX\Dnvm\;c:\Program Files\Intel\WiFi\bin\;c:\Program Files\Common Files\Intel\WirelessCommon\;C:\Program Files (x86)\Intel\Intel(R) Management Engine Components\DAL;C:\Program Files\Intel\Intel(R) Management Engine Components\DAL;C:\Program Files (x86)\Intel\Intel(R) Management Engine Components\IPT;C:\Program Files\Intel\Intel(R) Management Engine Components\IPT;C:\Program Files\Java\jdk1.8.0_60\bin;C:\Program Files (x86)\Skype\Phone\;C:\Program Files (x86)\GtkSharp\2.12\bin;c:\Program Files\Intel\WiFi\bin\;c:\Program Files\Common Files\Intel\WirelessCommon\
USERNAME=milton
OS=Windows_NT
PROCESSOR_IDENTIFIER=Intel64 Family 6 Model 69 Stepping 1, GenuineIntel



---------------  S Y S T E M  ---------------

OS: Windows 10.0 , 64 bit Build 10240 (10.0.10240.16384)

CPU:total 4 (2 cores per cpu, 2 threads per core) family 6 model 69 stepping 1, cmov, cx8, fxsr, mmx, sse, sse2, sse3, ssse3, sse4.1, sse4.2, popcnt, avx, avx2, aes, clmul, erms, lzcnt, ht, tsc, tscinvbit, bmi1, bmi2

Memory: 4k page, physical 8283244k(2096916k free), swap 12452736k(761460k free)

vm_info: Java HotSpot(TM) 64-Bit Server VM (25.60-b23) for windows-amd64 JRE (1.8.0_60-b27), built on Aug  4 2015 11:06:27 by "java_re" with MS VC++ 10.0 (VS2010)

time: Tue Jan 19 22:09:46 2016
elapsed time: 22 seconds (0d 0h 0m 22s)

